<?xml version="1.0" encoding="UTF-8"?>
<!-- Generated by org.testng.reporters.JUnitXMLReporter -->
<testsuite hostname="DESKTOP-QTN1F52" name="SampleSelTest" tests="3" failures="0" timestamp="3 Aug 2020 08:02:03 GMT" time="13.226" errors="0">
  <testcase name="LaunchBrowser" time="6.02" classname="com.dev.sample.SampleSelTest"/>
  <testcase name="Urlhit" time="3.002" classname="com.dev.sample.SampleSelTest"/>
  <testcase name="CloseBrowser" time="4.178" classname="com.dev.sample.SampleSelTest"/>
</testsuite> <!-- SampleSelTest -->
